Using pre-set license
Built from '2021.3/staging' branch; Version is '2021.3.9f1 (ad3870b89536) revision 11352176'; Using compiler version '192829333'; Build Type 'Release'
OS: 'Windows 11  (10.0.22621) 64bit Core' Language: 'en' Physical Memory: 6091 MB
BatchMode: 1, IsHumanControllingUs: 0, StartBugReporterOnCrash: 0, Is64bit: 1, IsPro: 1

COMMAND LINE ARGUMENTS:
C:\Program Files\Unity 2021.3.9f1\Editor\Unity.exe
-adb2
-batchMode
-noUpm
-name
AssetImportWorker0
-projectPath
C:/Users/jbax8/Documents/GitHub/ca-joshbxtr-1/VR Room [Josh]
-logFile
Logs/AssetImportWorker0.log
-srvPort
60995
Successfully changed project path to: C:/Users/jbax8/Documents/GitHub/ca-joshbxtr-1/VR Room [Josh]
C:/Users/jbax8/Documents/GitHub/ca-joshbxtr-1/VR Room [Josh]
[UnityMemory] Configuration Parameters - Can be set up in boot.config
    "memorysetup-bucket-allocator-granularity=16"
    "memorysetup-bucket-allocator-bucket-count=8"
    "memorysetup-bucket-allocator-block-size=33554432"
    "memorysetup-bucket-allocator-block-count=8"
    "memorysetup-main-allocator-block-size=16777216"
    "memorysetup-thread-allocator-block-size=16777216"
    "memorysetup-gfx-main-allocator-block-size=16777216"
    "memorysetup-gfx-thread-allocator-block-size=16777216"
    "memorysetup-cache-allocator-block-size=4194304"
    "memorysetup-typetree-allocator-block-size=2097152"
    "memorysetup-profiler-bucket-allocator-granularity=16"
    "memorysetup-profiler-bucket-allocator-bucket-count=8"
    "memorysetup-profiler-bucket-allocator-block-size=33554432"
    "memorysetup-profiler-bucket-allocator-block-count=8"
    "memorysetup-profiler-allocator-block-size=16777216"
    "memorysetup-profiler-editor-allocator-block-size=1048576"
    "memorysetup-temp-allocator-size-main=16777216"
    "memorysetup-job-temp-allocator-block-size=2097152"
    "memorysetup-job-temp-allocator-block-size-background=1048576"
    "memorysetup-job-temp-allocator-reduction-small-platforms=262144"
    "memorysetup-temp-allocator-size-background-worker=32768"
    "memorysetup-temp-allocator-size-job-worker=262144"
    "memorysetup-temp-allocator-size-preload-manager=33554432"
    "memorysetup-temp-allocator-size-nav-mesh-worker=65536"
    "memorysetup-temp-allocator-size-audio-worker=65536"
    "memorysetup-temp-allocator-size-cloud-worker=32768"
    "memorysetup-temp-allocator-size-gi-baking-worker=262144"
    "memorysetup-temp-allocator-size-gfx=262144"
Refreshing native plugins compatible for Editor in 537.13 ms, found 11 plugins.
Preloading 1 native plugins for Editor in 19.75 ms.
Initialize engine version: 2021.3.9f1 (ad3870b89536)
[Subsystems] Discovering subsystems at path C:/Program Files/Unity 2021.3.9f1/Editor/Data/Resources/UnitySubsystems
[Subsystems] Discovering subsystems at path C:/Users/jbax8/Documents/GitHub/ca-joshbxtr-1/VR Room [Josh]/Assets
GfxDevice: creating device client; threaded=0; jobified=0
Direct3D:
    Version:  Direct3D 11.0 [level 11.1]
    Renderer: AMD Radeon(TM) Vega 8 Graphics (ID=0x15d8)
    Vendor:   ATI
    VRAM:     3045 MB
    Driver:   30.0.13044.8001
Initialize mono
Mono path[0] = 'C:/Program Files/Unity 2021.3.9f1/Editor/Data/Managed'
Mono path[1] = 'C:/Program Files/Unity 2021.3.9f1/Editor/Data/MonoBleedingEdge/lib/mono/unityjit-win32'
Mono config path = 'C:/Program Files/Unity 2021.3.9f1/Editor/Data/MonoBleedingEdge/etc'
Using monoOptions --debugger-agent=transport=dt_socket,embedding=1,server=y,suspend=n,address=127.0.0.1:56384
Begin MonoManager ReloadAssembly
Registering precompiled unity dll's ...
Register platform support module: C:/Program Files/Unity 2021.3.9f1/Editor/Data/PlaybackEngines/WindowsStandaloneSupport/UnityEditor.WindowsStandalone.Extensions.dll
Registered in 0.019353 seconds.
Native extension for WindowsStandalone target not found
Refreshing native plugins compatible for Editor in 356.08 ms, found 11 plugins.
Preloading 1 native plugins for Editor in 0.38 ms.
Mono: successfully reloaded assembly
- Completed reload, in  2.350 seconds
Domain Reload Profiling:
	ReloadAssembly (2351ms)
		BeginReloadAssembly (402ms)
			ExecutionOrderSort (0ms)
			DisableScriptedObjects (0ms)
			BackupInstance (0ms)
			ReleaseScriptingObjects (0ms)
			CreateAndSetChildDomain (2ms)
		EndReloadAssembly (1586ms)
			LoadAssemblies (381ms)
			RebuildTransferFunctionScriptingTraits (0ms)
			SetupTypeCache (349ms)
			ReleaseScriptCaches (0ms)
			RebuildScriptCaches (71ms)
			SetupLoadedEditorAssemblies (980ms)
				LogAssemblyErrors (0ms)
				InitializePlatformSupportModulesInManaged (29ms)
				SetLoadedEditorAssemblies (1ms)
				RefreshPlugins (357ms)
				BeforeProcessingInitializeOnLoad (4ms)
				ProcessInitializeOnLoadAttributes (442ms)
				ProcessInitializeOnLoadMethodAttributes (146ms)
				AfterProcessingInitializeOnLoad (0ms)
				EditorAssembliesLoaded (0ms)
			ExecutionOrderSort2 (0ms)
			AwakeInstancesAfterBackupRestoration (0ms)
Platform modules already initialized, skipping
Registering precompiled user dll's ...
Registered in 0.115662 seconds.
Begin MonoManager ReloadAssembly
Symbol file LoadedFromMemory doesn't match image C:\Users\jbax8\Documents\GitHub\ca-joshbxtr-1\VR Room [Josh]\Library\PackageCache\com.unity.visualscripting@1.7.8\Editor\VisualScripting.Core\Dependencies\DotNetZip\Unity.VisualScripting.IonicZip.dll
Symbol file LoadedFromMemory doesn't match image C:\Users\jbax8\Documents\GitHub\ca-joshbxtr-1\VR Room [Josh]\Library\PackageCache\com.unity.visualscripting@1.7.8\Editor\VisualScripting.Core\Dependencies\YamlDotNet\Unity.VisualScripting.YamlDotNet.dll
Native extension for WindowsStandalone target not found
Refreshing native plugins compatible for Editor in 309.77 ms, found 11 plugins.
Preloading 1 native plugins for Editor in 0.37 ms.
Package Manager log level set to [2]
System.Reflection.TargetInvocationException: Exception has been thrown by the target of an invocation. ---> System.NullReferenceException: Object reference not set to an instance of an object
  at Unity.XR.Oculus.OculusLoader.AssetPathToAbsolutePath (System.String assetPath) [0x0003d] in C:\Users\jbax8\Documents\GitHub\ca-joshbxtr-1\VR Room [Josh]\Library\PackageCache\com.unity.xr.oculus@3.0.2\Runtime\OculusLoader.cs:271 
  at Unity.XR.Oculus.OculusLoader.EditorLoadOVRPlugin () [0x0007b] in C:\Users\jbax8\Documents\GitHub\ca-joshbxtr-1\VR Room [Josh]\Library\PackageCache\com.unity.xr.oculus@3.0.2\Runtime\OculusLoader.cs:256 
  at (wrapper managed-to-native) System.Reflection.RuntimeMethodInfo.InternalInvoke(System.Reflection.RuntimeMethodInfo,object,object[],System.Exception&)
  at System.Reflection.RuntimeMethodInfo.Invoke (System.Object obj, System.Reflection.BindingFlags invokeAttr, System.Reflection.Binder binder, System.Object[] parameters, System.Globalization.CultureInfo culture) [0x0006a] in <9aad1b3a47484d63ba2b3985692d80e9>:0 
   --- End of inner exception stack trace ---
  at System.Reflection.RuntimeMethodInfo.Invoke (System.Object obj, System.Reflection.BindingFlags invokeAttr, System.Reflection.Binder binder, System.Object[] parameters, System.Globalization.CultureInfo culture) [0x00083] in <9aad1b3a47484d63ba2b3985692d80e9>:0 
  at System.Reflection.MethodBase.Invoke (System.Object obj, System.Object[] parameters) [0x00000] in <9aad1b3a47484d63ba2b3985692d80e9>:0 
  at UnityEditor.EditorAssemblies.ProcessInitializeOnLoadMethodAttributes () [0x000a5] in <0d6ce211ebbc47e1a35a84c3672ff58f>:0 
UnityEngine.StackTraceUtility:ExtractStackTrace ()
UnityEngine.DebugLogHandler:LogFormat (UnityEngine.LogType,UnityEngine.Object,string,object[])
UnityEngine.Logger:Log (UnityEngine.LogType,object)
UnityEngine.Debug:LogError (object)
UnityEditor.EditorAssemblies:ProcessInitializeOnLoadMethodAttributes ()

Mono: successfully reloaded assembly
- Completed reload, in  5.303 seconds
Domain Reload Profiling:
	ReloadAssembly (5306ms)
		BeginReloadAssembly (406ms)
			ExecutionOrderSort (0ms)
			DisableScriptedObjects (12ms)
			BackupInstance (0ms)
			ReleaseScriptingObjects (1ms)
			CreateAndSetChildDomain (48ms)
		EndReloadAssembly (4465ms)
			LoadAssemblies (707ms)
			RebuildTransferFunctionScriptingTraits (0ms)
			SetupTypeCache (946ms)
			ReleaseScriptCaches (3ms)
			RebuildScriptCaches (287ms)
			SetupLoadedEditorAssemblies (2403ms)
				LogAssemblyErrors (0ms)
				InitializePlatformSupportModulesInManaged (17ms)
				SetLoadedEditorAssemblies (1ms)
				RefreshPlugins (310ms)
				BeforeProcessingInitializeOnLoad (317ms)
				ProcessInitializeOnLoadAttributes (1336ms)
				ProcessInitializeOnLoadMethodAttributes (386ms)
				AfterProcessingInitializeOnLoad (35ms)
				EditorAssembliesLoaded (1ms)
			ExecutionOrderSort2 (0ms)
			AwakeInstancesAfterBackupRestoration (18ms)
Platform modules already initialized, skipping
========================================================================
Worker process is ready to serve import requests
Launched and connected shader compiler UnityShaderCompiler.exe after 0.18 seconds
Refreshing native plugins compatible for Editor in 3.87 ms, found 11 plugins.
Preloading 1 native plugins for Editor in 0.36 ms.
Unloading 5938 Unused Serialized files (Serialized files now loaded: 0)
Unloading 53 unused Assets / (348.5 KB). Loaded Objects now: 6394.
Memory consumption went from 243.8 MB to 243.5 MB.
Total: 23.459700 ms (FindLiveObjects: 1.771000 ms CreateObjectMapping: 3.468400 ms MarkObjects: 17.322600 ms  DeleteObjects: 0.893600 ms)

AssetImportParameters requested are different than current active one (requested -> active):
  custom:video-decoder-ogg-theora: a1e56fd34408186e4bbccfd4996cb3dc -> 
  custom:container-muxer-webm: aa71ff27fc2769a1b78a27578f13a17b -> 
  custom:container-demuxer-webm: 4f35f7cbe854078d1ac9338744f61a02 -> 
  custom:video-encoder-webm-vp8: eb34c28f22e8b96e1ab97ce403110664 -> 
  custom:audio-encoder-webm-vorbis: bf7c407c2cedff20999df2af8eb42d56 -> 
  custom:framework-win-MediaFoundation: 216162199b28c13a410421893ffa2e32 -> 
  custom:container-demuxer-ogg: 62fdf1f143b41e24485cea50d1cbac27 -> 
  custom:video-decoder-webm-vp8: 9c59270c3fd7afecdb556c50c9e8de78 -> 
  custom:audio-decoder-ogg-vorbis: bf7c407c2cedff20999df2af8eb42d56 -> 
========================================================================
Received Import Request.
  Time since last request: 447687.713849 seconds.
  path: Assets/Challenges/01_Architecture
  artifactKey: Guid(a6c809fc3d8f9204cba890e2c1c04e1d) Importer(815301076,1909f56bfc062723c751e8b465ee728b)
Start importing Assets/Challenges/01_Architecture using Guid(a6c809fc3d8f9204cba890e2c1c04e1d) Importer(815301076,1909f56bfc062723c751e8b465ee728b)  -> (artifact id: 'dafb12c239f8105658f866d52ffc0890') in 0.069807 seconds 
========================================================================
Received Import Request.
  Time since last request: 1.703719 seconds.
  path: Assets/Challenges/01_Architecture/Terrain
  artifactKey: Guid(b48cfa31c473643acb545d1a62cebe2b) Importer(815301076,1909f56bfc062723c751e8b465ee728b)
Start importing Assets/Challenges/01_Architecture/Terrain using Guid(b48cfa31c473643acb545d1a62cebe2b) Importer(815301076,1909f56bfc062723c751e8b465ee728b)  -> (artifact id: '831037cfcc4435930d7e684a1b9f62ed') in 0.008454 seconds 
========================================================================
Received Import Request.
  Time since last request: 30.112583 seconds.
  path: Assets/Halloween/Models/DAE format/characterZombie.dae
  artifactKey: Guid(93b34a90a28667b40ae5475d36e9d48f) Importer(815301076,1909f56bfc062723c751e8b465ee728b)
Start importing Assets/Halloween/Models/DAE format/characterZombie.dae using Guid(93b34a90a28667b40ae5475d36e9d48f) Importer(815301076,1909f56bfc062723c751e8b465ee728b)  -> (artifact id: 'f24f1cc245af2979908096589f67bb47') in 1.524544 seconds 
========================================================================
Received Import Request.
  Time since last request: 278.467973 seconds.
  path: Assets/Halloween/Material
  artifactKey: Guid(04516eede5d89054ca22ae4c97498b99) Importer(815301076,1909f56bfc062723c751e8b465ee728b)
Start importing Assets/Halloween/Material using Guid(04516eede5d89054ca22ae4c97498b99) Importer(815301076,1909f56bfc062723c751e8b465ee728b)  -> (artifact id: '7bb498e7b1399d4bfe4ef609bf4fcbdb') in 0.041712 seconds 
========================================================================
Received Import Request.
  Time since last request: 10.203072 seconds.
  path: Assets/Halloween/Material/New Material.mat
  artifactKey: Guid(5c3c509b283486841ba1b17b4233a91c) Importer(815301076,1909f56bfc062723c751e8b465ee728b)
Start importing Assets/Halloween/Material/New Material.mat using Guid(5c3c509b283486841ba1b17b4233a91c) Importer(815301076,1909f56bfc062723c751e8b465ee728b)  -> (artifact id: 'c565d08ca3fc803f14a5234e3051dbe2') in 0.068304 seconds 
========================================================================
Received Import Request.
  Time since last request: 58.124802 seconds.
  path: Assets/Halloween/Material/Sky.mat
  artifactKey: Guid(5c3c509b283486841ba1b17b4233a91c) Importer(815301076,1909f56bfc062723c751e8b465ee728b)
Start importing Assets/Halloween/Material/Sky.mat using Guid(5c3c509b283486841ba1b17b4233a91c) Importer(815301076,1909f56bfc062723c751e8b465ee728b)  -> (artifact id: '06ca368522b888c72f5a9b770cf4a207') in 0.300847 seconds 
========================================================================
Received Import Request.
  Time since last request: 434.329531 seconds.
  path: Assets/Halloween/Material/Sky.mat
  artifactKey: Guid(5c3c509b283486841ba1b17b4233a91c) Importer(815301076,1909f56bfc062723c751e8b465ee728b)
Start importing Assets/Halloween/Material/Sky.mat using Guid(5c3c509b283486841ba1b17b4233a91c) Importer(815301076,1909f56bfc062723c751e8b465ee728b)  -> (artifact id: '5b098045bc9a458aee7d70600a4462e5') in 0.055801 seconds 
========================================================================
Received Import Request.
  Time since last request: 360.160724 seconds.
  path: Assets/Halloween/Material/New Material.mat
  artifactKey: Guid(7ee4833c7e7480d469f6cc6bf498156a) Importer(815301076,1909f56bfc062723c751e8b465ee728b)
Start importing Assets/Halloween/Material/New Material.mat using Guid(7ee4833c7e7480d469f6cc6bf498156a) Importer(815301076,1909f56bfc062723c751e8b465ee728b)  -> (artifact id: 'cb1a1284cc6c2c90d0a404e239d369a4') in 0.046072 seconds 
========================================================================
Received Import Request.
  Time since last request: 14.518877 seconds.
  path: Assets/Halloween/Material/Light.mat
  artifactKey: Guid(7ee4833c7e7480d469f6cc6bf498156a) Importer(815301076,1909f56bfc062723c751e8b465ee728b)
Start importing Assets/Halloween/Material/Light.mat using Guid(7ee4833c7e7480d469f6cc6bf498156a) Importer(815301076,1909f56bfc062723c751e8b465ee728b)  -> (artifact id: 'f98d3e11235eeda44981970f218660db') in 0.044598 seconds 
========================================================================
Received Import Request.
  Time since last request: 308.924788 seconds.
  path: Assets/New Terrain 1.asset
  artifactKey: Guid(5873fbfbf79eb564db800cd39272dc4d) Importer(815301076,1909f56bfc062723c751e8b465ee728b)
Start importing Assets/New Terrain 1.asset using Guid(5873fbfbf79eb564db800cd39272dc4d) Importer(815301076,1909f56bfc062723c751e8b465ee728b) The tree pine must use the Nature/Soft Occlusion shader. Otherwise billboarding/lighting will not work correctly.
 -> (artifact id: '8ef22cce830f263ba9c7d665bde88e65') in 0.119000 seconds 
========================================================================
Received Import Request.
  Time since last request: 365.484029 seconds.
  path: Assets/XR/XRGeneralSettings.asset
  artifactKey: Guid(ad4050bc0deda4e238354e959df0f1f4) Importer(815301076,1909f56bfc062723c751e8b465ee728b)
Start importing Assets/XR/XRGeneralSettings.asset using Guid(ad4050bc0deda4e238354e959df0f1f4) Importer(815301076,1909f56bfc062723c751e8b465ee728b)  -> (artifact id: '7c83c171547b1bcd6ccfc72b37083781') in 0.039816 seconds 
========================================================================
Received Import Request.
  Time since last request: 4.317806 seconds.
  path: Assets/Settings/SampleSceneProfile.asset
  artifactKey: Guid(a6560a915ef98420e9faacc1c7438823) Importer(815301076,1909f56bfc062723c751e8b465ee728b)
Start importing Assets/Settings/SampleSceneProfile.asset using Guid(a6560a915ef98420e9faacc1c7438823) Importer(815301076,1909f56bfc062723c751e8b465ee728b)  -> (artifact id: 'd700507890f57f82a6c81e8255f96764') in 0.016176 seconds 
========================================================================
Received Import Request.
  Time since last request: 0.000073 seconds.
  path: Assets/Settings/UniversalRenderPipelineGlobalSettings.asset
  artifactKey: Guid(18dc0cd2c080841dea60987a38ce93fa) Importer(815301076,1909f56bfc062723c751e8b465ee728b)
Start importing Assets/Settings/UniversalRenderPipelineGlobalSettings.asset using Guid(18dc0cd2c080841dea60987a38ce93fa) Importer(815301076,1909f56bfc062723c751e8b465ee728b)  -> (artifact id: '47d55dacb453b1d44e11d8b7a963ca83') in 0.016961 seconds 
========================================================================
Received Import Request.
  Time since last request: 3.303862 seconds.
  path: Assets/Samples/XR Interaction Toolkit
  artifactKey: Guid(97759f863cdea4953b5c2edd2aa1e8dc) Importer(815301076,1909f56bfc062723c751e8b465ee728b)
Start importing Assets/Samples/XR Interaction Toolkit using Guid(97759f863cdea4953b5c2edd2aa1e8dc) Importer(815301076,1909f56bfc062723c751e8b465ee728b)  -> (artifact id: 'bcea1e3149a4358f10f5d7a2b2f6dd58') in 0.012620 seconds 
========================================================================
Received Import Request.
  Time since last request: 20.134682 seconds.
  path: Assets/_Course Library/_Prefabs/Environments
  artifactKey: Guid(36ae34743d39542b8b8272435b5d3272) Importer(815301076,1909f56bfc062723c751e8b465ee728b)
Start importing Assets/_Course Library/_Prefabs/Environments using Guid(36ae34743d39542b8b8272435b5d3272) Importer(815301076,1909f56bfc062723c751e8b465ee728b)  -> (artifact id: '2cd1dd7c42db93cfc35a6e83cf764152') in 0.013358 seconds 
========================================================================
Received Import Request.
  Time since last request: 0.139010 seconds.
  path: Assets/_Course Library/_Prefabs/Environments/Background_Buildings.prefab
  artifactKey: Guid(4e12f80178b8d6e47a7b602b9e2f58fb) Importer(815301076,1909f56bfc062723c751e8b465ee728b)
Start importing Assets/_Course Library/_Prefabs/Environments/Background_Buildings.prefab using Guid(4e12f80178b8d6e47a7b602b9e2f58fb) Importer(815301076,1909f56bfc062723c751e8b465ee728b)  -> (artifact id: '3c09ffbccc6c089249040a9b007767ba') in 0.243025 seconds 
========================================================================
Received Import Request.
  Time since last request: 227.017611 seconds.
  path: Assets/XR/Loaders
  artifactKey: Guid(b3f3b8e5336df44e286804e7f6c6000a) Importer(815301076,1909f56bfc062723c751e8b465ee728b)
Start importing Assets/XR/Loaders using Guid(b3f3b8e5336df44e286804e7f6c6000a) Importer(815301076,1909f56bfc062723c751e8b465ee728b)  -> (artifact id: '24c636a6d44be295287edf59b6a454c9') in 0.007283 seconds 
========================================================================
Received Import Request.
  Time since last request: 0.000183 seconds.
  path: Assets/XR/Loaders/Oculus Loader.asset
  artifactKey: Guid(6d4cb15ed5e874630824fc8753b738b7) Importer(815301076,1909f56bfc062723c751e8b465ee728b)
Start importing Assets/XR/Loaders/Oculus Loader.asset using Guid(6d4cb15ed5e874630824fc8753b738b7) Importer(815301076,1909f56bfc062723c751e8b465ee728b)  -> (artifact id: '534f3266c26d60f52300dbe85646dcc7') in 0.013776 seconds 
========================================================================
Received Import Request.
  Time since last request: 0.000063 seconds.
  path: Assets/XR/Loaders/Open XR Loader No Pre Init.asset
  artifactKey: Guid(210971c064ecd4e60ab619677db55d94) Importer(815301076,1909f56bfc062723c751e8b465ee728b)
Start importing Assets/XR/Loaders/Open XR Loader No Pre Init.asset using Guid(210971c064ecd4e60ab619677db55d94) Importer(815301076,1909f56bfc062723c751e8b465ee728b)  -> (artifact id: '4ba8cef0d56d98b9ad11609950582f2d') in 0.015675 seconds 
========================================================================
Received Import Request.
  Time since last request: 6.147526 seconds.
  path: Assets/XR/Settings/Mock HMD Build Settings.asset
  artifactKey: Guid(f4f50c8f8f3454c90a388877cf1a2c81) Importer(815301076,1909f56bfc062723c751e8b465ee728b)
Start importing Assets/XR/Settings/Mock HMD Build Settings.asset using Guid(f4f50c8f8f3454c90a388877cf1a2c81) Importer(815301076,1909f56bfc062723c751e8b465ee728b)  -> (artifact id: '10cc5b12c36cb98b80e3ae99ebd778b1') in 0.009917 seconds 
========================================================================
Received Import Request.
  Time since last request: 0.000073 seconds.
  path: Assets/XR/Settings/OpenXR Editor Settings.asset
  artifactKey: Guid(08c16e896e727482d967cecb6ff87e05) Importer(815301076,1909f56bfc062723c751e8b465ee728b)
Start importing Assets/XR/Settings/OpenXR Editor Settings.asset using Guid(08c16e896e727482d967cecb6ff87e05) Importer(815301076,1909f56bfc062723c751e8b465ee728b)  -> (artifact id: '8221468c01358a90c742b96312c8b8c8') in 0.020684 seconds 
========================================================================
Received Import Request.
  Time since last request: 4.179060 seconds.
  path: Assets/XRI/Settings
  artifactKey: Guid(95d92bfea67c4437e881b268ebdcac79) Importer(815301076,1909f56bfc062723c751e8b465ee728b)
Start importing Assets/XRI/Settings using Guid(95d92bfea67c4437e881b268ebdcac79) Importer(815301076,1909f56bfc062723c751e8b465ee728b)  -> (artifact id: '3b052953f42484e5189556b1328b0ca7') in 0.010192 seconds 
========================================================================
Received Import Request.
  Time since last request: 1.438410 seconds.
  path: Assets/XRI/Settings/Resources
  artifactKey: Guid(c09deb5018a604921b5df11061b98fa3) Importer(815301076,1909f56bfc062723c751e8b465ee728b)
Start importing Assets/XRI/Settings/Resources using Guid(c09deb5018a604921b5df11061b98fa3) Importer(815301076,1909f56bfc062723c751e8b465ee728b)  -> (artifact id: '193d2cf75a546737cb0de75882b20d08') in 0.009529 seconds 
========================================================================
Received Import Request.
  Time since last request: 72.181693 seconds.
  path: Assets/Scenes/VR-Halloween.unity
  artifactKey: Guid(0762205461eaa144f8c63c37f3a4ffcd) Importer(815301076,1909f56bfc062723c751e8b465ee728b)
Start importing Assets/Scenes/VR-Halloween.unity using Guid(0762205461eaa144f8c63c37f3a4ffcd) Importer(815301076,1909f56bfc062723c751e8b465ee728b)  -> (artifact id: '28b2e296251654fcc7677e44bac1a74c') in 0.008250 seconds 
========================================================================
Received Import Request.
  Time since last request: 103.656534 seconds.
  path: Assets/Scenes/VR-Halloween.unity
  artifactKey: Guid(0762205461eaa144f8c63c37f3a4ffcd) Importer(815301076,1909f56bfc062723c751e8b465ee728b)
Start importing Assets/Scenes/VR-Halloween.unity using Guid(0762205461eaa144f8c63c37f3a4ffcd) Importer(815301076,1909f56bfc062723c751e8b465ee728b)  -> (artifact id: 'e0150d448d60799b0a9b51e62045f32a') in 0.011555 seconds 
========================================================================
Received Import Request.
  Time since last request: 24.845872 seconds.
  path: Assets/Scenes/VR-Halloween.unity
  artifactKey: Guid(0762205461eaa144f8c63c37f3a4ffcd) Importer(815301076,1909f56bfc062723c751e8b465ee728b)
Start importing Assets/Scenes/VR-Halloween.unity using Guid(0762205461eaa144f8c63c37f3a4ffcd) Importer(815301076,1909f56bfc062723c751e8b465ee728b)  -> (artifact id: 'c7547237b24af29fe4eec1ac5c49dd34') in 0.010148 seconds 
========================================================================
Received Import Request.
  Time since last request: 73.458243 seconds.
  path: Assets/Scenes/VR-Halloween.unity
  artifactKey: Guid(0762205461eaa144f8c63c37f3a4ffcd) Importer(815301076,1909f56bfc062723c751e8b465ee728b)
Start importing Assets/Scenes/VR-Halloween.unity using Guid(0762205461eaa144f8c63c37f3a4ffcd) Importer(815301076,1909f56bfc062723c751e8b465ee728b)  -> (artifact id: '5407607e44b7fad692a3cd46bfdf9adb') in 0.007535 seconds 
========================================================================
Received Prepare
Registering precompiled user dll's ...
Registered in 0.051505 seconds.
Begin MonoManager ReloadAssembly
Symbol file LoadedFromMemory doesn't match image C:\Users\jbax8\Documents\GitHub\ca-joshbxtr-1\VR Room [Josh]\Library\PackageCache\com.unity.visualscripting@1.7.8\Editor\VisualScripting.Core\Dependencies\DotNetZip\Unity.VisualScripting.IonicZip.dll
Symbol file LoadedFromMemory doesn't match image C:\Users\jbax8\Documents\GitHub\ca-joshbxtr-1\VR Room [Josh]\Library\PackageCache\com.unity.visualscripting@1.7.8\Editor\VisualScripting.Core\Dependencies\YamlDotNet\Unity.VisualScripting.YamlDotNet.dll
Native extension for WindowsStandalone target not found
Refreshing native plugins compatible for Editor in 4.39 ms, found 11 plugins.
Preloading 1 native plugins for Editor in 0.36 ms.
System.Reflection.TargetInvocationException: Exception has been thrown by the target of an invocation. ---> System.NullReferenceException: Object reference not set to an instance of an object
  at Unity.XR.Oculus.OculusLoader.AssetPathToAbsolutePath (System.String assetPath) [0x0003d] in C:\Users\jbax8\Documents\GitHub\ca-joshbxtr-1\VR Room [Josh]\Library\PackageCache\com.unity.xr.oculus@3.0.2\Runtime\OculusLoader.cs:271 
  at Unity.XR.Oculus.OculusLoader.EditorLoadOVRPlugin () [0x0007b] in C:\Users\jbax8\Documents\GitHub\ca-joshbxtr-1\VR Room [Josh]\Library\PackageCache\com.unity.xr.oculus@3.0.2\Runtime\OculusLoader.cs:256 
  at (wrapper managed-to-native) System.Reflection.RuntimeMethodInfo.InternalInvoke(System.Reflection.RuntimeMethodInfo,object,object[],System.Exception&)
  at System.Reflection.RuntimeMethodInfo.Invoke (System.Object obj, System.Reflection.BindingFlags invokeAttr, System.Reflection.Binder binder, System.Object[] parameters, System.Globalization.CultureInfo culture) [0x0006a] in <9aad1b3a47484d63ba2b3985692d80e9>:0 
   --- End of inner exception stack trace ---
  at System.Reflection.RuntimeMethodInfo.Invoke (System.Object obj, System.Reflection.BindingFlags invokeAttr, System.Reflection.Binder binder, System.Object[] parameters, System.Globalization.CultureInfo culture) [0x00083] in <9aad1b3a47484d63ba2b3985692d80e9>:0 
  at System.Reflection.MethodBase.Invoke (System.Object obj, System.Object[] parameters) [0x00000] in <9aad1b3a47484d63ba2b3985692d80e9>:0 
  at UnityEditor.EditorAssemblies.ProcessInitializeOnLoadMethodAttributes () [0x000a5] in <0d6ce211ebbc47e1a35a84c3672ff58f>:0 
UnityEngine.StackTraceUtility:ExtractStackTrace ()
UnityEngine.DebugLogHandler:LogFormat (UnityEngine.LogType,UnityEngine.Object,string,object[])
UnityEngine.Logger:Log (UnityEngine.LogType,object)
UnityEngine.Debug:LogError (object)
UnityEditor.EditorAssemblies:ProcessInitializeOnLoadMethodAttributes ()

Mono: successfully reloaded assembly
- Completed reload, in  5.137 seconds
Domain Reload Profiling:
	ReloadAssembly (5139ms)
		BeginReloadAssembly (1118ms)
			ExecutionOrderSort (0ms)
			DisableScriptedObjects (45ms)
			BackupInstance (0ms)
			ReleaseScriptingObjects (0ms)
			CreateAndSetChildDomain (724ms)
		EndReloadAssembly (3726ms)
			LoadAssemblies (344ms)
			RebuildTransferFunctionScriptingTraits (1ms)
			SetupTypeCache (1016ms)
			ReleaseScriptCaches (5ms)
			RebuildScriptCaches (324ms)
			SetupLoadedEditorAssemblies (1539ms)
				LogAssemblyErrors (0ms)
				InitializePlatformSupportModulesInManaged (43ms)
				SetLoadedEditorAssemblies (2ms)
				RefreshPlugins (5ms)
				BeforeProcessingInitializeOnLoad (235ms)
				ProcessInitializeOnLoadAttributes (917ms)
				ProcessInitializeOnLoadMethodAttributes (308ms)
				AfterProcessingInitializeOnLoad (30ms)
				EditorAssembliesLoaded (1ms)
			ExecutionOrderSort2 (0ms)
			AwakeInstancesAfterBackupRestoration (33ms)
Platform modules already initialized, skipping
Refreshing native plugins compatible for Editor in 20.16 ms, found 11 plugins.
Preloading 1 native plugins for Editor in 0.27 ms.
Unloading 5803 Unused Serialized files (Serialized files now loaded: 0)
Unloading 43 unused Assets / (311.1 KB). Loaded Objects now: 6488.
Memory consumption went from 253.0 MB to 252.7 MB.
Total: 16.876900 ms (FindLiveObjects: 1.460600 ms CreateObjectMapping: 1.442200 ms MarkObjects: 13.633300 ms  DeleteObjects: 0.337700 ms)

AssetImportParameters requested are different than current active one (requested -> active):
  custom:video-decoder-ogg-theora: a1e56fd34408186e4bbccfd4996cb3dc -> 
  custom:container-muxer-webm: aa71ff27fc2769a1b78a27578f13a17b -> 
  custom:container-demuxer-webm: 4f35f7cbe854078d1ac9338744f61a02 -> 
  custom:video-encoder-webm-vp8: eb34c28f22e8b96e1ab97ce403110664 -> 
  custom:audio-encoder-webm-vorbis: bf7c407c2cedff20999df2af8eb42d56 -> 
  custom:framework-win-MediaFoundation: 216162199b28c13a410421893ffa2e32 -> 
  custom:container-demuxer-ogg: 62fdf1f143b41e24485cea50d1cbac27 -> 
  custom:video-decoder-webm-vp8: 9c59270c3fd7afecdb556c50c9e8de78 -> 
  custom:audio-decoder-ogg-vorbis: bf7c407c2cedff20999df2af8eb42d56 -> 
========================================================================
Received Import Request.
  Time since last request: 157.168253 seconds.
  path: Assets/Samples/XR Interaction Toolkit/2.0.2/Starter Assets/XRI Default Continuous Move.preset
  artifactKey: Guid(91f9da00cfdac5d49955df2d2d820b9c) Importer(815301076,1909f56bfc062723c751e8b465ee728b)
Start importing Assets/Samples/XR Interaction Toolkit/2.0.2/Starter Assets/XRI Default Continuous Move.preset using Guid(91f9da00cfdac5d49955df2d2d820b9c) Importer(815301076,1909f56bfc062723c751e8b465ee728b)  -> (artifact id: 'be5d9afc47bd5eb08f9642696cb9cfe1') in 0.094988 seconds 
========================================================================
Received Import Request.
  Time since last request: 0.000085 seconds.
  path: Assets/Samples/XR Interaction Toolkit/2.0.2/Starter Assets/XRI Default Input Actions.inputactions
  artifactKey: Guid(c348712bda248c246b8c49b3db54643f) Importer(815301076,1909f56bfc062723c751e8b465ee728b)
Start importing Assets/Samples/XR Interaction Toolkit/2.0.2/Starter Assets/XRI Default Input Actions.inputactions using Guid(c348712bda248c246b8c49b3db54643f) Importer(815301076,1909f56bfc062723c751e8b465ee728b)  -> (artifact id: 'b200d642cce1344396e3f93dc5a35bbc') in 0.024685 seconds 
========================================================================
Received Import Request.
  Time since last request: 7.629794 seconds.
  path: Assets/Samples/XR Interaction Toolkit/2.0.2
  artifactKey: Guid(68a18083fa35b486b90ff551619253e4) Importer(815301076,1909f56bfc062723c751e8b465ee728b)
Start importing Assets/Samples/XR Interaction Toolkit/2.0.2 using Guid(68a18083fa35b486b90ff551619253e4) Importer(815301076,1909f56bfc062723c751e8b465ee728b)  -> (artifact id: '49102b369cd2ecd1de37ac702ef24205') in 0.011237 seconds 
========================================================================
Received Import Request.
  Time since last request: 1.168778 seconds.
  path: Assets/Samples/XR Interaction Toolkit/2.0.2/XR Device Simulator
  artifactKey: Guid(a224625bb4f37457e833cfe18b662eb7) Importer(815301076,1909f56bfc062723c751e8b465ee728b)
Start importing Assets/Samples/XR Interaction Toolkit/2.0.2/XR Device Simulator using Guid(a224625bb4f37457e833cfe18b662eb7) Importer(815301076,1909f56bfc062723c751e8b465ee728b)  -> (artifact id: '10c9028d036cee7b116ff30612a13368') in 0.009437 seconds 
========================================================================
Received Import Request.
  Time since last request: 0.078895 seconds.
  path: Assets/Samples/XR Interaction Toolkit/2.0.2/XR Device Simulator/XR Device Simulator Controls.inputactions
  artifactKey: Guid(da2b439d1a2de5c46a4f428f8cf4fe19) Importer(815301076,1909f56bfc062723c751e8b465ee728b)
Start importing Assets/Samples/XR Interaction Toolkit/2.0.2/XR Device Simulator/XR Device Simulator Controls.inputactions using Guid(da2b439d1a2de5c46a4f428f8cf4fe19) Importer(815301076,1909f56bfc062723c751e8b465ee728b)  -> (artifact id: 'df82bb938861fd5d5e4b160401e3bed3') in 0.026391 seconds 
========================================================================
Received Import Request.
  Time since last request: 12.140724 seconds.
  path: Assets/Samples/XR Interaction Toolkit/2.0.2/Starter Assets/XRI Default Left Controller.preset
  artifactKey: Guid(ffd8268f7307a0c48a067dad4a8fe060) Importer(815301076,1909f56bfc062723c751e8b465ee728b)
Start importing Assets/Samples/XR Interaction Toolkit/2.0.2/Starter Assets/XRI Default Left Controller.preset using Guid(ffd8268f7307a0c48a067dad4a8fe060) Importer(815301076,1909f56bfc062723c751e8b465ee728b)  -> (artifact id: '23a0ab602af02abdf744909bfdd05b7c') in 0.035417 seconds 
========================================================================
Received Prepare
Registering precompiled user dll's ...
Registered in 0.045261 seconds.
Begin MonoManager ReloadAssembly
Symbol file LoadedFromMemory doesn't match image C:\Users\jbax8\Documents\GitHub\ca-joshbxtr-1\VR Room [Josh]\Library\PackageCache\com.unity.visualscripting@1.7.8\Editor\VisualScripting.Core\Dependencies\DotNetZip\Unity.VisualScripting.IonicZip.dll
Symbol file LoadedFromMemory doesn't match image C:\Users\jbax8\Documents\GitHub\ca-joshbxtr-1\VR Room [Josh]\Library\PackageCache\com.unity.visualscripting@1.7.8\Editor\VisualScripting.Core\Dependencies\YamlDotNet\Unity.VisualScripting.YamlDotNet.dll
Native extension for WindowsStandalone target not found
Refreshing native plugins compatible for Editor in 5.81 ms, found 11 plugins.
Preloading 1 native plugins for Editor in 0.37 ms.
System.Reflection.TargetInvocationException: Exception has been thrown by the target of an invocation. ---> System.NullReferenceException: Object reference not set to an instance of an object
  at Unity.XR.Oculus.OculusLoader.AssetPathToAbsolutePath (System.String assetPath) [0x0003d] in C:\Users\jbax8\Documents\GitHub\ca-joshbxtr-1\VR Room [Josh]\Library\PackageCache\com.unity.xr.oculus@3.0.2\Runtime\OculusLoader.cs:271 
  at Unity.XR.Oculus.OculusLoader.EditorLoadOVRPlugin () [0x0007b] in C:\Users\jbax8\Documents\GitHub\ca-joshbxtr-1\VR Room [Josh]\Library\PackageCache\com.unity.xr.oculus@3.0.2\Runtime\OculusLoader.cs:256 
  at (wrapper managed-to-native) System.Reflection.RuntimeMethodInfo.InternalInvoke(System.Reflection.RuntimeMethodInfo,object,object[],System.Exception&)
  at System.Reflection.RuntimeMethodInfo.Invoke (System.Object obj, System.Reflection.BindingFlags invokeAttr, System.Reflection.Binder binder, System.Object[] parameters, System.Globalization.CultureInfo culture) [0x0006a] in <9aad1b3a47484d63ba2b3985692d80e9>:0 
   --- End of inner exception stack trace ---
  at System.Reflection.RuntimeMethodInfo.Invoke (System.Object obj, System.Reflection.BindingFlags invokeAttr, System.Reflection.Binder binder, System.Object[] parameters, System.Globalization.CultureInfo culture) [0x00083] in <9aad1b3a47484d63ba2b3985692d80e9>:0 
  at System.Reflection.MethodBase.Invoke (System.Object obj, System.Object[] parameters) [0x00000] in <9aad1b3a47484d63ba2b3985692d80e9>:0 
  at UnityEditor.EditorAssemblies.ProcessInitializeOnLoadMethodAttributes () [0x000a5] in <0d6ce211ebbc47e1a35a84c3672ff58f>:0 
UnityEngine.StackTraceUtility:ExtractStackTrace ()
UnityEngine.DebugLogHandler:LogFormat (UnityEngine.LogType,UnityEngine.Object,string,object[])
UnityEngine.Logger:Log (UnityEngine.LogType,object)
UnityEngine.Debug:LogError (object)
UnityEditor.EditorAssemblies:ProcessInitializeOnLoadMethodAttributes ()

Mono: successfully reloaded assembly
- Completed reload, in  4.466 seconds
Domain Reload Profiling:
	ReloadAssembly (4468ms)
		BeginReloadAssembly (472ms)
			ExecutionOrderSort (0ms)
			DisableScriptedObjects (20ms)
			BackupInstance (0ms)
			ReleaseScriptingObjects (0ms)
			CreateAndSetChildDomain (137ms)
		EndReloadAssembly (3675ms)
			LoadAssemblies (431ms)
			RebuildTransferFunctionScriptingTraits (0ms)
			SetupTypeCache (848ms)
			ReleaseScriptCaches (8ms)
			RebuildScriptCaches (150ms)
			SetupLoadedEditorAssemblies (1956ms)
				LogAssemblyErrors (0ms)
				InitializePlatformSupportModulesInManaged (39ms)
				SetLoadedEditorAssemblies (2ms)
				RefreshPlugins (6ms)
				BeforeProcessingInitializeOnLoad (295ms)
				ProcessInitializeOnLoadAttributes (1115ms)
				ProcessInitializeOnLoadMethodAttributes (448ms)
				AfterProcessingInitializeOnLoad (49ms)
				EditorAssembliesLoaded (1ms)
			ExecutionOrderSort2 (0ms)
			AwakeInstancesAfterBackupRestoration (56ms)
Platform modules already initialized, skipping
Refreshing native plugins compatible for Editor in 21.76 ms, found 11 plugins.
Preloading 1 native plugins for Editor in 0.35 ms.
Unloading 5803 Unused Serialized files (Serialized files now loaded: 0)
Unloading 43 unused Assets / (311.0 KB). Loaded Objects now: 6492.
Memory consumption went from 253.0 MB to 252.7 MB.
Total: 13.455500 ms (FindLiveObjects: 1.362000 ms CreateObjectMapping: 1.511600 ms MarkObjects: 10.338800 ms  DeleteObjects: 0.239600 ms)

AssetImportParameters requested are different than current active one (requested -> active):
  custom:video-decoder-ogg-theora: a1e56fd34408186e4bbccfd4996cb3dc -> 
  custom:container-muxer-webm: aa71ff27fc2769a1b78a27578f13a17b -> 
  custom:container-demuxer-webm: 4f35f7cbe854078d1ac9338744f61a02 -> 
  custom:video-encoder-webm-vp8: eb34c28f22e8b96e1ab97ce403110664 -> 
  custom:audio-encoder-webm-vorbis: bf7c407c2cedff20999df2af8eb42d56 -> 
  custom:framework-win-MediaFoundation: 216162199b28c13a410421893ffa2e32 -> 
  custom:container-demuxer-ogg: 62fdf1f143b41e24485cea50d1cbac27 -> 
  custom:video-decoder-webm-vp8: 9c59270c3fd7afecdb556c50c9e8de78 -> 
  custom:audio-decoder-ogg-vorbis: bf7c407c2cedff20999df2af8eb42d56 -> 
========================================================================
Received Prepare
Registering precompiled user dll's ...
Registered in 0.045069 seconds.
Begin MonoManager ReloadAssembly
Symbol file LoadedFromMemory doesn't match image C:\Users\jbax8\Documents\GitHub\ca-joshbxtr-1\VR Room [Josh]\Library\PackageCache\com.unity.visualscripting@1.7.8\Editor\VisualScripting.Core\Dependencies\DotNetZip\Unity.VisualScripting.IonicZip.dll
Symbol file LoadedFromMemory doesn't match image C:\Users\jbax8\Documents\GitHub\ca-joshbxtr-1\VR Room [Josh]\Library\PackageCache\com.unity.visualscripting@1.7.8\Editor\VisualScripting.Core\Dependencies\YamlDotNet\Unity.VisualScripting.YamlDotNet.dll
Native extension for WindowsStandalone target not found
Refreshing native plugins compatible for Editor in 5.63 ms, found 11 plugins.
Preloading 1 native plugins for Editor in 0.50 ms.
System.Reflection.TargetInvocationException: Exception has been thrown by the target of an invocation. ---> System.NullReferenceException: Object reference not set to an instance of an object
  at Unity.XR.Oculus.OculusLoader.AssetPathToAbsolutePath (System.String assetPath) [0x0003d] in C:\Users\jbax8\Documents\GitHub\ca-joshbxtr-1\VR Room [Josh]\Library\PackageCache\com.unity.xr.oculus@3.0.2\Runtime\OculusLoader.cs:271 
  at Unity.XR.Oculus.OculusLoader.EditorLoadOVRPlugin () [0x0007b] in C:\Users\jbax8\Documents\GitHub\ca-joshbxtr-1\VR Room [Josh]\Library\PackageCache\com.unity.xr.oculus@3.0.2\Runtime\OculusLoader.cs:256 
  at (wrapper managed-to-native) System.Reflection.RuntimeMethodInfo.InternalInvoke(System.Reflection.RuntimeMethodInfo,object,object[],System.Exception&)
  at System.Reflection.RuntimeMethodInfo.Invoke (System.Object obj, System.Reflection.BindingFlags invokeAttr, System.Reflection.Binder binder, System.Object[] parameters, System.Globalization.CultureInfo culture) [0x0006a] in <9aad1b3a47484d63ba2b3985692d80e9>:0 
   --- End of inner exception stack trace ---
  at System.Reflection.RuntimeMethodInfo.Invoke (System.Object obj, System.Reflection.BindingFlags invokeAttr, System.Reflection.Binder binder, System.Object[] parameters, System.Globalization.CultureInfo culture) [0x00083] in <9aad1b3a47484d63ba2b3985692d80e9>:0 
  at System.Reflection.MethodBase.Invoke (System.Object obj, System.Object[] parameters) [0x00000] in <9aad1b3a47484d63ba2b3985692d80e9>:0 
  at UnityEditor.EditorAssemblies.ProcessInitializeOnLoadMethodAttributes () [0x000a5] in <0d6ce211ebbc47e1a35a84c3672ff58f>:0 
UnityEngine.StackTraceUtility:ExtractStackTrace ()
UnityEngine.DebugLogHandler:LogFormat (UnityEngine.LogType,UnityEngine.Object,string,object[])
UnityEngine.Logger:Log (UnityEngine.LogType,object)
UnityEngine.Debug:LogError (object)
UnityEditor.EditorAssemblies:ProcessInitializeOnLoadMethodAttributes ()

Mono: successfully reloaded assembly
- Completed reload, in  4.109 seconds
Domain Reload Profiling:
	ReloadAssembly (4111ms)
		BeginReloadAssembly (411ms)
			ExecutionOrderSort (0ms)
			DisableScriptedObjects (11ms)
			BackupInstance (0ms)
			ReleaseScriptingObjects (0ms)
			CreateAndSetChildDomain (122ms)
		EndReloadAssembly (3393ms)
			LoadAssemblies (365ms)
			RebuildTransferFunctionScriptingTraits (0ms)
			SetupTypeCache (901ms)
			ReleaseScriptCaches (8ms)
			RebuildScriptCaches (154ms)
			SetupLoadedEditorAssemblies (1709ms)
				LogAssemblyErrors (0ms)
				InitializePlatformSupportModulesInManaged (44ms)
				SetLoadedEditorAssemblies (2ms)
				RefreshPlugins (7ms)
				BeforeProcessingInitializeOnLoad (275ms)
				ProcessInitializeOnLoadAttributes (1048ms)
				ProcessInitializeOnLoadMethodAttributes (299ms)
				AfterProcessingInitializeOnLoad (33ms)
				EditorAssembliesLoaded (1ms)
			ExecutionOrderSort2 (0ms)
			AwakeInstancesAfterBackupRestoration (34ms)
Platform modules already initialized, skipping
Refreshing native plugins compatible for Editor in 26.66 ms, found 11 plugins.
Preloading 1 native plugins for Editor in 0.28 ms.
Unloading 5803 Unused Serialized files (Serialized files now loaded: 0)
Unloading 43 unused Assets / (311.0 KB). Loaded Objects now: 6496.
Memory consumption went from 253.0 MB to 252.7 MB.
Total: 13.787600 ms (FindLiveObjects: 1.456800 ms CreateObjectMapping: 1.989200 ms MarkObjects: 9.975300 ms  DeleteObjects: 0.361900 ms)

AssetImportParameters requested are different than current active one (requested -> active):
  custom:video-decoder-ogg-theora: a1e56fd34408186e4bbccfd4996cb3dc -> 
  custom:container-muxer-webm: aa71ff27fc2769a1b78a27578f13a17b -> 
  custom:container-demuxer-webm: 4f35f7cbe854078d1ac9338744f61a02 -> 
  custom:video-encoder-webm-vp8: eb34c28f22e8b96e1ab97ce403110664 -> 
  custom:audio-encoder-webm-vorbis: bf7c407c2cedff20999df2af8eb42d56 -> 
  custom:framework-win-MediaFoundation: 216162199b28c13a410421893ffa2e32 -> 
  custom:container-demuxer-ogg: 62fdf1f143b41e24485cea50d1cbac27 -> 
  custom:video-decoder-webm-vp8: 9c59270c3fd7afecdb556c50c9e8de78 -> 
  custom:audio-decoder-ogg-vorbis: bf7c407c2cedff20999df2af8eb42d56 -> 
========================================================================
Received Prepare
Registering precompiled user dll's ...
Registered in 0.057284 seconds.
Begin MonoManager ReloadAssembly
Symbol file LoadedFromMemory doesn't match image C:\Users\jbax8\Documents\GitHub\ca-joshbxtr-1\VR Room [Josh]\Library\PackageCache\com.unity.visualscripting@1.7.8\Editor\VisualScripting.Core\Dependencies\DotNetZip\Unity.VisualScripting.IonicZip.dll
Symbol file LoadedFromMemory doesn't match image C:\Users\jbax8\Documents\GitHub\ca-joshbxtr-1\VR Room [Josh]\Library\PackageCache\com.unity.visualscripting@1.7.8\Editor\VisualScripting.Core\Dependencies\YamlDotNet\Unity.VisualScripting.YamlDotNet.dll
Native extension for WindowsStandalone target not found
Refreshing native plugins compatible for Editor in 3.79 ms, found 11 plugins.
Preloading 1 native plugins for Editor in 0.38 ms.
System.Reflection.TargetInvocationException: Exception has been thrown by the target of an invocation. ---> System.NullReferenceException: Object reference not set to an instance of an object
  at Unity.XR.Oculus.OculusLoader.AssetPathToAbsolutePath (System.String assetPath) [0x0003d] in C:\Users\jbax8\Documents\GitHub\ca-joshbxtr-1\VR Room [Josh]\Library\PackageCache\com.unity.xr.oculus@3.0.2\Runtime\OculusLoader.cs:271 
  at Unity.XR.Oculus.OculusLoader.EditorLoadOVRPlugin () [0x0007b] in C:\Users\jbax8\Documents\GitHub\ca-joshbxtr-1\VR Room [Josh]\Library\PackageCache\com.unity.xr.oculus@3.0.2\Runtime\OculusLoader.cs:256 
  at (wrapper managed-to-native) System.Reflection.RuntimeMethodInfo.InternalInvoke(System.Reflection.RuntimeMethodInfo,object,object[],System.Exception&)
  at System.Reflection.RuntimeMethodInfo.Invoke (System.Object obj, System.Reflection.BindingFlags invokeAttr, System.Reflection.Binder binder, System.Object[] parameters, System.Globalization.CultureInfo culture) [0x0006a] in <9aad1b3a47484d63ba2b3985692d80e9>:0 
   --- End of inner exception stack trace ---
  at System.Reflection.RuntimeMethodInfo.Invoke (System.Object obj, System.Reflection.BindingFlags invokeAttr, System.Reflection.Binder binder, System.Object[] parameters, System.Globalization.CultureInfo culture) [0x00083] in <9aad1b3a47484d63ba2b3985692d80e9>:0 
  at System.Reflection.MethodBase.Invoke (System.Object obj, System.Object[] parameters) [0x00000] in <9aad1b3a47484d63ba2b3985692d80e9>:0 
  at UnityEditor.EditorAssemblies.ProcessInitializeOnLoadMethodAttributes () [0x000a5] in <0d6ce211ebbc47e1a35a84c3672ff58f>:0 
UnityEngine.StackTraceUtility:ExtractStackTrace ()
UnityEngine.DebugLogHandler:LogFormat (UnityEngine.LogType,UnityEngine.Object,string,object[])
UnityEngine.Logger:Log (UnityEngine.LogType,object)
UnityEngine.Debug:LogError (object)
UnityEditor.EditorAssemblies:ProcessInitializeOnLoadMethodAttributes ()

Mono: successfully reloaded assembly
- Completed reload, in  4.094 seconds
Domain Reload Profiling:
	ReloadAssembly (4096ms)
		BeginReloadAssembly (386ms)
			ExecutionOrderSort (0ms)
			DisableScriptedObjects (11ms)
			BackupInstance (0ms)
			ReleaseScriptingObjects (1ms)
			CreateAndSetChildDomain (113ms)
		EndReloadAssembly (3451ms)
			LoadAssemblies (403ms)
			RebuildTransferFunctionScriptingTraits (0ms)
			SetupTypeCache (950ms)
			ReleaseScriptCaches (8ms)
			RebuildScriptCaches (149ms)
			SetupLoadedEditorAssemblies (1670ms)
				LogAssemblyErrors (0ms)
				InitializePlatformSupportModulesInManaged (39ms)
				SetLoadedEditorAssemblies (2ms)
				RefreshPlugins (5ms)
				BeforeProcessingInitializeOnLoad (270ms)
				ProcessInitializeOnLoadAttributes (1005ms)
				ProcessInitializeOnLoadMethodAttributes (314ms)
				AfterProcessingInitializeOnLoad (35ms)
				EditorAssembliesLoaded (1ms)
			ExecutionOrderSort2 (0ms)
			AwakeInstancesAfterBackupRestoration (34ms)
Platform modules already initialized, skipping
Refreshing native plugins compatible for Editor in 26.87 ms, found 11 plugins.
Preloading 1 native plugins for Editor in 0.39 ms.
Unloading 5803 Unused Serialized files (Serialized files now loaded: 0)
Unloading 43 unused Assets / (310.9 KB). Loaded Objects now: 6500.
Memory consumption went from 253.0 MB to 252.7 MB.
Total: 13.607600 ms (FindLiveObjects: 1.669600 ms CreateObjectMapping: 2.016100 ms MarkObjects: 9.679200 ms  DeleteObjects: 0.240000 ms)

AssetImportParameters requested are different than current active one (requested -> active):
  custom:video-decoder-ogg-theora: a1e56fd34408186e4bbccfd4996cb3dc -> 
  custom:container-muxer-webm: aa71ff27fc2769a1b78a27578f13a17b -> 
  custom:container-demuxer-webm: 4f35f7cbe854078d1ac9338744f61a02 -> 
  custom:video-encoder-webm-vp8: eb34c28f22e8b96e1ab97ce403110664 -> 
  custom:audio-encoder-webm-vorbis: bf7c407c2cedff20999df2af8eb42d56 -> 
  custom:framework-win-MediaFoundation: 216162199b28c13a410421893ffa2e32 -> 
  custom:container-demuxer-ogg: 62fdf1f143b41e24485cea50d1cbac27 -> 
  custom:video-decoder-webm-vp8: 9c59270c3fd7afecdb556c50c9e8de78 -> 
  custom:audio-decoder-ogg-vorbis: bf7c407c2cedff20999df2af8eb42d56 -> 
========================================================================
Received Import Request.
  Time since last request: 439.860280 seconds.
  path: Assets/Halloween/Delighton/DemonicSword
  artifactKey: Guid(fb12c2c6e1955234c9fabfc7ff8676a2) Importer(815301076,1909f56bfc062723c751e8b465ee728b)
Start importing Assets/Halloween/Delighton/DemonicSword using Guid(fb12c2c6e1955234c9fabfc7ff8676a2) Importer(815301076,1909f56bfc062723c751e8b465ee728b)  -> (artifact id: '7181dc8a4f3e2b8a34ce116a2fa60a4e') in 0.050472 seconds 
========================================================================
Received Import Request.
  Time since last request: 1.801766 seconds.
  path: Assets/Halloween/Delighton/DemonicSword/Prefabs
  artifactKey: Guid(1371bef87a4223241a7f8f7a280e0515) Importer(815301076,1909f56bfc062723c751e8b465ee728b)
Start importing Assets/Halloween/Delighton/DemonicSword/Prefabs using Guid(1371bef87a4223241a7f8f7a280e0515) Importer(815301076,1909f56bfc062723c751e8b465ee728b)  -> (artifact id: '6de970f6ce42c86f9d651ceebe0f4ef0') in 0.011616 seconds 
========================================================================
Received Import Request.
  Time since last request: 0.046189 seconds.
  path: Assets/Halloween/Delighton/DemonicSword/Prefabs/DemonicSword.prefab
  artifactKey: Guid(f87c2e55b95e4894c9c30592cce6d287) Importer(815301076,1909f56bfc062723c751e8b465ee728b)
Start importing Assets/Halloween/Delighton/DemonicSword/Prefabs/DemonicSword.prefab using Guid(f87c2e55b95e4894c9c30592cce6d287) Importer(815301076,1909f56bfc062723c751e8b465ee728b)  -> (artifact id: 'e1137c1ce3f73bf16610d605153a19b4') in 1.015264 seconds 
========================================================================
Received Import Request.
  Time since last request: 88.759079 seconds.
  path: Assets/Halloween/Delighton/DemonicSword/Materials/DemonicSword_Material.mat
  artifactKey: Guid(29e8991068455274d86fcb5bd93bcd4c) Importer(815301076,1909f56bfc062723c751e8b465ee728b)
Start importing Assets/Halloween/Delighton/DemonicSword/Materials/DemonicSword_Material.mat using Guid(29e8991068455274d86fcb5bd93bcd4c) Importer(815301076,1909f56bfc062723c751e8b465ee728b)  -> (artifact id: 'c33571e3de60eba6b16a812422b06257') in 0.084651 seconds 
========================================================================
Received Import Request.
  Time since last request: 0.000090 seconds.
  path: Assets/Halloween/Delighton/DemonicSword/Materials/Scabbard_Material.mat
  artifactKey: Guid(627d77d102a0f9c47940fcae54176081) Importer(815301076,1909f56bfc062723c751e8b465ee728b)
Start importing Assets/Halloween/Delighton/DemonicSword/Materials/Scabbard_Material.mat using Guid(627d77d102a0f9c47940fcae54176081) Importer(815301076,1909f56bfc062723c751e8b465ee728b)  -> (artifact id: '3e8c467a040f7df1be33b53b22a913ac') in 0.054644 seconds 
========================================================================
Received Import Request.
  Time since last request: 4.013238 seconds.
  path: Assets/Halloween/Delighton/DemonicSword/Textures/DemonicSword
  artifactKey: Guid(317f35a129735b948bdc7d3df2b6fdad) Importer(815301076,1909f56bfc062723c751e8b465ee728b)
Start importing Assets/Halloween/Delighton/DemonicSword/Textures/DemonicSword using Guid(317f35a129735b948bdc7d3df2b6fdad) Importer(815301076,1909f56bfc062723c751e8b465ee728b)  -> (artifact id: '274a8a652bda3e14873ec167e163606a') in 0.013778 seconds 
========================================================================
Received Import Request.
  Time since last request: 0.046785 seconds.
  path: Assets/Halloween/Delighton/DemonicSword/Textures/DemonicSword/DemonicSword_AlbedoTransparency.png
  artifactKey: Guid(c9f7ab088ade79d47bd49e082aebd63d) Importer(815301076,1909f56bfc062723c751e8b465ee728b)
Start importing Assets/Halloween/Delighton/DemonicSword/Textures/DemonicSword/DemonicSword_AlbedoTransparency.png using Guid(c9f7ab088ade79d47bd49e082aebd63d) Importer(815301076,1909f56bfc062723c751e8b465ee728b)  -> (artifact id: 'aecd4a235b7ef1d7b7e986b9ff424f48') in 0.088283 seconds 
========================================================================
Received Import Request.
  Time since last request: 0.000085 seconds.
  path: Assets/Halloween/Delighton/DemonicSword/Textures/DemonicSword/DemonicSword_Normal.png
  artifactKey: Guid(7dd4a500c97962846a60336913b8b769) Importer(815301076,1909f56bfc062723c751e8b465ee728b)
Start importing Assets/Halloween/Delighton/DemonicSword/Textures/DemonicSword/DemonicSword_Normal.png using Guid(7dd4a500c97962846a60336913b8b769) Importer(815301076,1909f56bfc062723c751e8b465ee728b)  -> (artifact id: '3d18a20aa4a79ddc97e7a9e4ccf5da31') in 0.066998 seconds 
========================================================================
Received Import Request.
  Time since last request: 3.356697 seconds.
  path: Assets/Halloween/Delighton/DemonicSword/Textures/Scabbard
  artifactKey: Guid(e4563e0a242136245b6fecc861cbd234) Importer(815301076,1909f56bfc062723c751e8b465ee728b)
Start importing Assets/Halloween/Delighton/DemonicSword/Textures/Scabbard using Guid(e4563e0a242136245b6fecc861cbd234) Importer(815301076,1909f56bfc062723c751e8b465ee728b)  -> (artifact id: 'ad6ba3dc13a270223ffa3e599eef3b72') in 0.015191 seconds 
========================================================================
Received Import Request.
  Time since last request: 0.062993 seconds.
  path: Assets/Halloween/Delighton/DemonicSword/Textures/Scabbard/Scabbard_AlbedoTransparency.png
  artifactKey: Guid(c7b2763351734914fb032f9151a0c429) Importer(815301076,1909f56bfc062723c751e8b465ee728b)
Start importing Assets/Halloween/Delighton/DemonicSword/Textures/Scabbard/Scabbard_AlbedoTransparency.png using Guid(c7b2763351734914fb032f9151a0c429) Importer(815301076,1909f56bfc062723c751e8b465ee728b)  -> (artifact id: '4874975b8e510c1e24a5208ddab60cf9') in 0.039984 seconds 
========================================================================
Received Import Request.
  Time since last request: 5.217486 seconds.
  path: Assets/Halloween/Delighton/DemonicSword/Meshes/DemonicSword.fbx
  artifactKey: Guid(b2746521f5e317240a5bdaee09c9e72b) Importer(815301076,1909f56bfc062723c751e8b465ee728b)
Start importing Assets/Halloween/Delighton/DemonicSword/Meshes/DemonicSword.fbx using Guid(b2746521f5e317240a5bdaee09c9e72b) Importer(815301076,1909f56bfc062723c751e8b465ee728b)  -> (artifact id: '76a3344bf3f474709929f786f88b1939') in 0.325255 seconds 
========================================================================
Received Import Request.
  Time since last request: 119.666033 seconds.
  path: Assets/Halloween/Weapons/Sprites
  artifactKey: Guid(d04de33604c9913429717b9f7d59a2f7) Importer(815301076,1909f56bfc062723c751e8b465ee728b)
Start importing Assets/Halloween/Weapons/Sprites using Guid(d04de33604c9913429717b9f7d59a2f7) Importer(815301076,1909f56bfc062723c751e8b465ee728b)  -> (artifact id: '6ff306c5abe392e58b8fe241c57e26de') in 0.011467 seconds 
========================================================================
Received Import Request.
  Time since last request: 20.104084 seconds.
  path: Assets/Halloween/Weapons/Models
  artifactKey: Guid(6c1b36f250a65af48bcdf94d84030bdd) Importer(815301076,1909f56bfc062723c751e8b465ee728b)
Start importing Assets/Halloween/Weapons/Models using Guid(6c1b36f250a65af48bcdf94d84030bdd) Importer(815301076,1909f56bfc062723c751e8b465ee728b)  -> (artifact id: 'd5d8639b9cd6e57752d36edcd8de884a') in 0.011019 seconds 
========================================================================
Received Import Request.
  Time since last request: 123.162087 seconds.
  path: Assets/RPG Swords/cutter01.FBX
  artifactKey: Guid(5b6a76c08928d1940a2a12754f822d48) Importer(815301076,1909f56bfc062723c751e8b465ee728b)
Start importing Assets/RPG Swords/cutter01.FBX using Guid(5b6a76c08928d1940a2a12754f822d48) Importer(815301076,1909f56bfc062723c751e8b465ee728b)  -> (artifact id: 'cd7280856ccc825f8adbc9fb8cfc82b7') in 0.245702 seconds 
========================================================================
Received Import Request.
  Time since last request: 0.000112 seconds.
  path: Assets/RPG Swords/sword02.FBX
  artifactKey: Guid(3bd1b773913e1a3428b48ca4b9f9248f) Importer(815301076,1909f56bfc062723c751e8b465ee728b)
Start importing Assets/RPG Swords/sword02.FBX using Guid(3bd1b773913e1a3428b48ca4b9f9248f) Importer(815301076,1909f56bfc062723c751e8b465ee728b)  -> (artifact id: '3f3006a72872762890cb97a351325ce3') in 0.084499 seconds 
========================================================================
Received Import Request.
  Time since last request: 0.000134 seconds.
  path: Assets/RPG Swords/sword_epic.FBX
  artifactKey: Guid(90c25ff0db82bf64cbc6b8e405018824) Importer(815301076,1909f56bfc062723c751e8b465ee728b)
Start importing Assets/RPG Swords/sword_epic.FBX using Guid(90c25ff0db82bf64cbc6b8e405018824) Importer(815301076,1909f56bfc062723c751e8b465ee728b)  -> (artifact id: '1ce320ab47b6947ceff4a950843f58b6') in 0.075513 seconds 
========================================================================
Received Import Request.
  Time since last request: 0.000094 seconds.
  path: Assets/RPG Swords/Rapier.FBX
  artifactKey: Guid(c1ac58f958fd93b49a10161ce774a18e) Importer(815301076,1909f56bfc062723c751e8b465ee728b)
Start importing Assets/RPG Swords/Rapier.FBX using Guid(c1ac58f958fd93b49a10161ce774a18e) Importer(815301076,1909f56bfc062723c751e8b465ee728b)  -> (artifact id: '38358f025ec09e72997a126b24617f2c') in 0.074551 seconds 
========================================================================
Received Import Request.
  Time since last request: 0.000108 seconds.
  path: Assets/RPG Swords/sword01.FBX
  artifactKey: Guid(dd0682cd55d7f8342b8026ebb1cfc4a5) Importer(815301076,1909f56bfc062723c751e8b465ee728b)
Start importing Assets/RPG Swords/sword01.FBX using Guid(dd0682cd55d7f8342b8026ebb1cfc4a5) Importer(815301076,1909f56bfc062723c751e8b465ee728b)  -> (artifact id: '90194211f941d4998d2e885f2fcb6c94') in 0.054391 seconds 
========================================================================
Received Import Request.
  Time since last request: 17.688554 seconds.
  path: Assets/RPG Swords/Materials
  artifactKey: Guid(7178c45abd9eb0c46a914b0b1469d02c) Importer(815301076,1909f56bfc062723c751e8b465ee728b)
Start importing Assets/RPG Swords/Materials using Guid(7178c45abd9eb0c46a914b0b1469d02c) Importer(815301076,1909f56bfc062723c751e8b465ee728b)  -> (artifact id: '128523797f4058b0567a91694562c96a') in 0.013192 seconds 
========================================================================
Received Import Request.
  Time since last request: 0.044963 seconds.
  path: Assets/RPG Swords/Materials/Sword_Textures01.mat
  artifactKey: Guid(4fb8ea9da059dc04cb8494617b53562b) Importer(815301076,1909f56bfc062723c751e8b465ee728b)
Start importing Assets/RPG Swords/Materials/Sword_Textures01.mat using Guid(4fb8ea9da059dc04cb8494617b53562b) Importer(815301076,1909f56bfc062723c751e8b465ee728b)  -> (artifact id: '34d0cd54663360b7f13d1d6411f548f7') in 0.040401 seconds 
